<?xml version="1.0" encoding="UTF-8"?>
<testng-results skipped="0" failed="0" total="1" passed="1">
  <reporter-output>
  </reporter-output>
  <suite name="Default suite" duration-ms="61426" started-at="2016-03-03T07:38:27Z" finished-at="2016-03-03T07:39:28Z">
    <groups>
    </groups>
    <test name="Default test" duration-ms="61426" started-at="2016-03-03T07:38:27Z" finished-at="2016-03-03T07:39:28Z">
      <class name="test.TestIOS">
        <test-method status="PASS" signature="loginInIOS()[pri:0, instance:test.TestIOS@597c3925]" name="loginInIOS" duration-ms="61413" started-at="2016-03-03T15:38:27Z" finished-at="2016-03-03T15:39:28Z">
          <reporter-output>
          </reporter-output>
        </test-method> <!-- loginInIOS -->
      </class> <!-- test.TestIOS -->
    </test> <!-- Default test -->
  </suite> <!-- Default suite -->
</testng-results>
